<?xml version="1.0" encoding="UTF-8"?>
<testsuite name="plugin.enemydown.command.EnemyDownCommandTest" tests="2" skipped="0" failures="0" errors="0" timestamp="2025-04-13T16:10:37" hostname="ZEPHYRL17" time="0.15">
  <properties/>
  <testcase name="getDifficultyに渡す因数の文字列がnormalの時にnormalの文字列が返ること()" classname="plugin.enemydown.command.EnemyDownCommandTest" time="0.138"/>
  <testcase name="getDifficultyに渡す因数の文字列がeasyの時にeasyの文字列が返ること()" classname="plugin.enemydown.command.EnemyDownCommandTest" time="0.011"/>
  <system-out><![CDATA[]]></system-out>
  <system-err><![CDATA[]]></system-err>
</testsuite>
